<?xml version="1.0" encoding="UTF-8"?>
<!-- Generated by org.testng.reporters.JUnitXMLReporter -->
<testsuite ignored="0" hostname="Jignasha" failures="0" tests="7" name="Default test" time="50.558" errors="0" timestamp="2023-04-11T11:48:33 IST">
  <testcase classname="testCase.tc01" name="verifyScrollDown" time="2.5"/>
  <testcase classname="testCase.tc01" name="verifyGetWindowHandle" time="2.195"/>
  <testcase classname="testCase.tc01" name="verifySearchBar" time="5.212"/>
  <testcase classname="testCase.tc01" name="verifyLoginWithValidCredential" time="2.104"/>
  <testcase classname="testCase.tc01" name="verifyCookiesHandle" time="0.025"/>
  <testcase classname="testCase.tc01" name="veryfyIFrame" time="4.047"/>
  <testcase classname="testCase.tc01" name="verifySelectInCheckBoxFunction" time="0.056"/>
</testsuite> <!-- Default test -->
