<?xml version="1.0" encoding="UTF-8"?>
<testng-results ignored="0" total="7" passed="7" failed="0" skipped="0">
  <reporter-output>
  </reporter-output>
  <suite started-at="2023-04-11T11:47:42 IST" name="Default suite" finished-at="2023-04-11T11:48:33 IST" duration-ms="50558">
    <groups>
    </groups>
    <test started-at="2023-04-11T11:47:42 IST" name="Default test" finished-at="2023-04-11T11:48:33 IST" duration-ms="50558">
      <class name="testCase.tc01">
        <test-method is-config="true" signature="beforeMethod()[pri:0, instance:testCase.tc01@5d7148e2]" started-at="2023-04-11T11:47:42 IST" name="beforeMethod" finished-at="2023-04-11T11:47:50 IST" duration-ms="7837" status="PASS">
          <reporter-output>
          </reporter-output>
        </test-method> <!-- beforeMethod -->
        <test-method signature="verifyScrollDown()[pri:0, instance:testCase.tc01@5d7148e2]" started-at="2023-04-11T11:47:50 IST" name="verifyScrollDown" finished-at="2023-04-11T11:47:53 IST" duration-ms="2500" status="PASS">
          <reporter-output>
          </reporter-output>
        </test-method> <!-- verifyScrollDown -->
        <test-method is-config="true" signature="afterMethod()[pri:0, instance:testCase.tc01@5d7148e2]" started-at="2023-04-11T11:47:53 IST" name="afterMethod" finished-at="2023-04-11T11:47:53 IST" duration-ms="371" status="PASS">
          <reporter-output>
          </reporter-output>
        </test-method> <!-- afterMethod -->
        <test-method is-config="true" signature="beforeMethod()[pri:0, instance:testCase.tc01@5d7148e2]" started-at="2023-04-11T11:47:53 IST" name="beforeMethod" finished-at="2023-04-11T11:47:58 IST" duration-ms="4703" status="PASS">
          <reporter-output>
          </reporter-output>
        </test-method> <!-- beforeMethod -->
        <test-method signature="verifyGetWindowHandle()[pri:1, instance:testCase.tc01@5d7148e2]" started-at="2023-04-11T11:47:58 IST" name="verifyGetWindowHandle" finished-at="2023-04-11T11:48:00 IST" duration-ms="2195" status="PASS">
          <reporter-output>
          </reporter-output>
        </test-method> <!-- verifyGetWindowHandle -->
        <test-method is-config="true" signature="afterMethod()[pri:0, instance:testCase.tc01@5d7148e2]" started-at="2023-04-11T11:48:00 IST" name="afterMethod" finished-at="2023-04-11T11:48:00 IST" duration-ms="238" status="PASS">
          <reporter-output>
          </reporter-output>
        </test-method> <!-- afterMethod -->
        <test-method is-config="true" signature="beforeMethod()[pri:0, instance:testCase.tc01@5d7148e2]" started-at="2023-04-11T11:48:00 IST" name="beforeMethod" finished-at="2023-04-11T11:48:05 IST" duration-ms="4593" status="PASS">
          <reporter-output>
          </reporter-output>
        </test-method> <!-- beforeMethod -->
        <test-method signature="verifySearchBar()[pri:2, instance:testCase.tc01@5d7148e2]" started-at="2023-04-11T11:48:05 IST" name="verifySearchBar" finished-at="2023-04-11T11:48:10 IST" duration-ms="5212" status="PASS">
          <reporter-output>
          </reporter-output>
        </test-method> <!-- verifySearchBar -->
        <test-method is-config="true" signature="afterMethod()[pri:0, instance:testCase.tc01@5d7148e2]" started-at="2023-04-11T11:48:10 IST" name="afterMethod" finished-at="2023-04-11T11:48:10 IST" duration-ms="124" status="PASS">
          <reporter-output>
          </reporter-output>
        </test-method> <!-- afterMethod -->
        <test-method is-config="true" signature="beforeMethod()[pri:0, instance:testCase.tc01@5d7148e2]" started-at="2023-04-11T11:48:10 IST" name="beforeMethod" finished-at="2023-04-11T11:48:14 IST" duration-ms="3925" status="PASS">
          <reporter-output>
          </reporter-output>
        </test-method> <!-- beforeMethod -->
        <test-method signature="verifyLoginWithValidCredential()[pri:3, instance:testCase.tc01@5d7148e2]" started-at="2023-04-11T11:48:14 IST" name="verifyLoginWithValidCredential" finished-at="2023-04-11T11:48:16 IST" duration-ms="2104" status="PASS">
          <reporter-output>
          </reporter-output>
        </test-method> <!-- verifyLoginWithValidCredential -->
        <test-method is-config="true" signature="afterMethod()[pri:0, instance:testCase.tc01@5d7148e2]" started-at="2023-04-11T11:48:16 IST" name="afterMethod" finished-at="2023-04-11T11:48:16 IST" duration-ms="107" status="PASS">
          <reporter-output>
          </reporter-output>
        </test-method> <!-- afterMethod -->
        <test-method is-config="true" signature="beforeMethod()[pri:0, instance:testCase.tc01@5d7148e2]" started-at="2023-04-11T11:48:16 IST" name="beforeMethod" finished-at="2023-04-11T11:48:20 IST" duration-ms="3734" status="PASS">
          <reporter-output>
          </reporter-output>
        </test-method> <!-- beforeMethod -->
        <test-method signature="verifyCookiesHandle()[pri:4, instance:testCase.tc01@5d7148e2]" started-at="2023-04-11T11:48:20 IST" name="verifyCookiesHandle" finished-at="2023-04-11T11:48:20 IST" duration-ms="25" status="PASS">
          <reporter-output>
          </reporter-output>
        </test-method> <!-- verifyCookiesHandle -->
        <test-method is-config="true" signature="afterMethod()[pri:0, instance:testCase.tc01@5d7148e2]" started-at="2023-04-11T11:48:20 IST" name="afterMethod" finished-at="2023-04-11T11:48:20 IST" duration-ms="159" status="PASS">
          <reporter-output>
          </reporter-output>
        </test-method> <!-- afterMethod -->
        <test-method is-config="true" signature="beforeMethod()[pri:0, instance:testCase.tc01@5d7148e2]" started-at="2023-04-11T11:48:20 IST" name="beforeMethod" finished-at="2023-04-11T11:48:25 IST" duration-ms="4407" status="PASS">
          <reporter-output>
          </reporter-output>
        </test-method> <!-- beforeMethod -->
        <test-method signature="veryfyIFrame()[pri:5, instance:testCase.tc01@5d7148e2]" started-at="2023-04-11T11:48:25 IST" name="veryfyIFrame" finished-at="2023-04-11T11:48:29 IST" duration-ms="4047" status="PASS">
          <reporter-output>
          </reporter-output>
        </test-method> <!-- veryfyIFrame -->
        <test-method is-config="true" signature="afterMethod()[pri:0, instance:testCase.tc01@5d7148e2]" started-at="2023-04-11T11:48:29 IST" name="afterMethod" finished-at="2023-04-11T11:48:29 IST" duration-ms="223" status="PASS">
          <reporter-output>
          </reporter-output>
        </test-method> <!-- afterMethod -->
        <test-method is-config="true" signature="beforeMethod()[pri:0, instance:testCase.tc01@5d7148e2]" started-at="2023-04-11T11:48:29 IST" name="beforeMethod" finished-at="2023-04-11T11:48:33 IST" duration-ms="3767" status="PASS">
          <reporter-output>
          </reporter-output>
        </test-method> <!-- beforeMethod -->
        <test-method signature="verifySelectInCheckBoxFunction()[pri:6, instance:testCase.tc01@5d7148e2]" started-at="2023-04-11T11:48:33 IST" name="verifySelectInCheckBoxFunction" finished-at="2023-04-11T11:48:33 IST" duration-ms="56" status="PASS">
          <reporter-output>
          </reporter-output>
        </test-method> <!-- verifySelectInCheckBoxFunction -->
        <test-method is-config="true" signature="afterMethod()[pri:0, instance:testCase.tc01@5d7148e2]" started-at="2023-04-11T11:48:33 IST" name="afterMethod" finished-at="2023-04-11T11:48:33 IST" duration-ms="139" status="PASS">
          <reporter-output>
          </reporter-output>
        </test-method> <!-- afterMethod -->
      </class> <!-- testCase.tc01 -->
    </test> <!-- Default test -->
  </suite> <!-- Default suite -->
</testng-results>
